<?xml version="1.0" encoding="UTF-8"?>
<!-- Generated by org.testng.reporters.JUnitReportReporter -->
<testsuite hostname="DESKTOP-VVKKGCO" failures="0" tests="6" name="testcases_Class.VerifyLoginFunctionality" time="81.896" errors="0" timestamp="2022-07-13T17:45:42 IST" skipped="0">
  <testcase classname="testcases_Class.VerifyLoginFunctionality" name="launchUrl" time="60.005"/>
  <system-out/>
  <testcase classname="testcases_Class.VerifyLoginFunctionality" name="writeEmailAddress" time="2.809"/>
  <system-out/>
  <testcase classname="testcases_Class.VerifyLoginFunctionality" name="writePassword" time="0.403"/>
  <system-out/>
  <testcase classname="testcases_Class.VerifyLoginFunctionality" name="clickLoginButton" time="16.085"/>
  <system-out/>
  <testcase classname="testcases_Class.VerifyLoginFunctionality" name="titleVerify" time="0.307"/>
  <system-out/>
  <testcase classname="testcases_Class.VerifyLoginFunctionality" name="logOut" time="2.287"/>
  <system-out/>
</testsuite> <!-- testcases_Class.VerifyLoginFunctionality -->
